<?xml version="1.0" encoding="UTF-8"?>
<!-- Generated by org.testng.reporters.JUnitXMLReporter -->
<testsuite ignored="3" hostname="ram" failures="0" tests="1" name="Default test" time="3.118" errors="0" timestamp="2024-09-21T13:52:18 IST">
  <testcase classname="com.api.JsonAutomation" name="createEmployee" time="3.025"/>
  <testcase classname="com.api.JsonAutomation" name="readEmployee" time="0.0">
    <ignored/>
  </testcase> <!-- readEmployee -->
  <testcase classname="com.api.JsonAutomation" name="updateEmployee" time="0.0">
    <ignored/>
  </testcase> <!-- updateEmployee -->
  <testcase classname="com.api.JsonAutomation" name="deleteEmployee" time="0.0">
    <ignored/>
  </testcase> <!-- deleteEmployee -->
</testsuite> <!-- Default test -->
