<?xml version="1.0" encoding="UTF-8"?>
<testng-results ignored="0" total="1" passed="1" failed="0" skipped="0">
  <reporter-output>
  </reporter-output>
  <suite started-at="2024-09-21T13:52:15 IST" name="Default suite" finished-at="2024-09-21T13:52:18 IST" duration-ms="3118">
    <groups>
    </groups>
    <test started-at="2024-09-21T13:52:15 IST" name="Default test" finished-at="2024-09-21T13:52:18 IST" duration-ms="3118">
      <class name="com.api.JsonAutomation">
        <test-method signature="createEmployee()[pri:0, instance:com.api.JsonAutomation@71809907]" started-at="2024-09-21T13:52:15 IST" name="createEmployee" finished-at="2024-09-21T13:52:18 IST" duration-ms="3025" status="PASS">
          <reporter-output>
          </reporter-output>
        </test-method> <!-- createEmployee -->
      </class> <!-- com.api.JsonAutomation -->
    </test> <!-- Default test -->
  </suite> <!-- Default suite -->
</testng-results>
